<?xml version="1.0" encoding="UTF-8"?>
<!-- Generated by org.testng.reporters.JUnitReportReporter -->
<testsuite skipped="0" hostname="LAPTOP-204M6R3I" name="a2_bingTest.A1_SampleGoogle" tests="1" failures="0" timestamp="15 Aug 2023 16:48:43 GMT" time="10.187" errors="0">
  <testcase name="loginBingTest" time="10.187" classname="a2_bingTest.A1_SampleGoogle"/>
</testsuite> <!-- a2_bingTest.A1_SampleGoogle -->
